This is XeTeX, Version 3.14159265-2.6-0.999991 (MiKTeX 2.9.7140 64-bit) (preloaded format=xelatex 2019.8.27)  31 OCT 2019 19:38
entering extended mode
**c:/Users/iovo7/Documents/code/MyICPC/generator/main.tex
(c:/Users/iovo7/Documents/code/MyICPC/generator/main.tex
LaTeX2e <2018-12-01>
("C:\Program Files\MiKTeX 2.9\tex/latex/ctex\ctexart.cls"
("C:\Program Files\MiKTeX 2.9\tex/latex/l3kernel\expl3.sty"
Package: expl3 2019-08-14 L3 programming layer (loader) 

("C:\Program Files\MiKTeX 2.9\tex/latex/l3kernel\expl3-code.tex"
Package: expl3 2019-08-14 L3 programming layer (code)
\c_max_int=\count80
\l_tmpa_int=\count81
\l_tmpb_int=\count82
\g_tmpa_int=\count83
\g_tmpb_int=\count84
\g__kernel_prg_map_int=\count85
\c__ior_term_noprompt_ior=\count86
\c_log_iow=\count87
\l_iow_line_count_int=\count88
\l__iow_line_target_int=\count89
\l__iow_one_indent_int=\count90
\l__iow_indent_int=\count91
\c_zero_dim=\dimen102
\c_max_dim=\dimen103
\l_tmpa_dim=\dimen104
\l_tmpb_dim=\dimen105
\g_tmpa_dim=\dimen106
\g_tmpb_dim=\dimen107
\c_zero_skip=\skip41
\c_max_skip=\skip42
\l_tmpa_skip=\skip43
\l_tmpb_skip=\skip44
\g_tmpa_skip=\skip45
\g_tmpb_skip=\skip46
\c_zero_muskip=\muskip10
\c_max_muskip=\muskip11
\l_tmpa_muskip=\muskip12
\l_tmpb_muskip=\muskip13
\g_tmpa_muskip=\muskip14
\g_tmpb_muskip=\muskip15
\l_keys_choice_int=\count92
\l__intarray_loop_int=\count93
\c__intarray_sp_dim=\dimen108
\g__intarray_font_int=\count94
\c__fp_leading_shift_int=\count95
\c__fp_middle_shift_int=\count96
\c__fp_trailing_shift_int=\count97
\c__fp_big_leading_shift_int=\count98
\c__fp_big_middle_shift_int=\count99
\c__fp_big_trailing_shift_int=\count100
\c__fp_Bigg_leading_shift_int=\count101
\c__fp_Bigg_middle_shift_int=\count102
\c__fp_Bigg_trailing_shift_int=\count103
\g__fp_array_int=\count104
\l__fp_array_loop_int=\count105
\l__sort_length_int=\count106
\l__sort_min_int=\count107
\l__sort_top_int=\count108
\l__sort_max_int=\count109
\l__sort_true_max_int=\count110
\l__sort_block_int=\count111
\l__sort_begin_int=\count112
\l__sort_end_int=\count113
\l__sort_A_int=\count114
\l__sort_B_int=\count115
\l__sort_C_int=\count116
\l__str_internal_int=\count117
\l__tl_analysis_normal_int=\count118
\l__tl_analysis_index_int=\count119
\l__tl_analysis_nesting_int=\count120
\l__tl_analysis_type_int=\count121
\l__regex_internal_a_int=\count122
\l__regex_internal_b_int=\count123
\l__regex_internal_c_int=\count124
\l__regex_balance_int=\count125
\l__regex_group_level_int=\count126
\l__regex_mode_int=\count127
\c__regex_cs_in_class_mode_int=\count128
\c__regex_cs_mode_int=\count129
\l__regex_catcodes_int=\count130
\l__regex_default_catcodes_int=\count131
\c__regex_catcode_L_int=\count132
\c__regex_catcode_O_int=\count133
\c__regex_catcode_A_int=\count134
\c__regex_all_catcodes_int=\count135
\l__regex_show_lines_int=\count136
\l__regex_min_state_int=\count137
\l__regex_max_state_int=\count138
\l__regex_left_state_int=\count139
\l__regex_right_state_int=\count140
\l__regex_capturing_group_int=\count141
\l__regex_min_pos_int=\count142
\l__regex_max_pos_int=\count143
\l__regex_curr_pos_int=\count144
\l__regex_start_pos_int=\count145
\l__regex_success_pos_int=\count146
\l__regex_curr_char_int=\count147
\l__regex_curr_catcode_int=\count148
\l__regex_last_char_int=\count149
\l__regex_case_changed_char_int=\count150
\l__regex_curr_state_int=\count151
\l__regex_step_int=\count152
\l__regex_min_active_int=\count153
\l__regex_max_active_int=\count154
\l__regex_replacement_csnames_int=\count155
\l__regex_match_count_int=\count156
\l__regex_min_submatch_int=\count157
\l__regex_submatch_int=\count158
\l__regex_zeroth_submatch_int=\count159
\g__regex_trace_regex_int=\count160
\c_empty_box=\box27
\l_tmpa_box=\box28
\l_tmpb_box=\box29
\g_tmpa_box=\box30
\g_tmpb_box=\box31
\l__box_top_dim=\dimen109
\l__box_bottom_dim=\dimen110
\l__box_left_dim=\dimen111
\l__box_right_dim=\dimen112
\l__box_top_new_dim=\dimen113
\l__box_bottom_new_dim=\dimen114
\l__box_left_new_dim=\dimen115
\l__box_right_new_dim=\dimen116
\l__box_internal_box=\box32
\l__coffin_internal_box=\box33
\l__coffin_internal_dim=\dimen117
\l__coffin_offset_x_dim=\dimen118
\l__coffin_offset_y_dim=\dimen119
\l__coffin_x_dim=\dimen120
\l__coffin_y_dim=\dimen121
\l__coffin_x_prime_dim=\dimen122
\l__coffin_y_prime_dim=\dimen123
\c_empty_coffin=\box34
\l__coffin_aligned_coffin=\box35
\l__coffin_aligned_internal_coffin=\box36
\l_tmpa_coffin=\box37
\l_tmpb_coffin=\box38
\g_tmpa_coffin=\box39
\g_tmpb_coffin=\box40
\l__coffin_bounding_shift_dim=\dimen124
\l__coffin_left_corner_dim=\dimen125
\l__coffin_right_corner_dim=\dimen126
\l__coffin_bottom_corner_dim=\dimen127
\l__coffin_top_corner_dim=\dimen128
\l__coffin_scaled_total_height_dim=\dimen129
\l__coffin_scaled_width_dim=\dimen130
\c__coffin_empty_coffin=\box41
\l__coffin_display_coffin=\box42
\l__coffin_display_coord_coffin=\box43
\l__coffin_display_pole_coffin=\box44
\l__coffin_display_offset_dim=\dimen131
\l__coffin_display_x_dim=\dimen132
\l__coffin_display_y_dim=\dimen133
\g__file_internal_ior=\read1
\l__seq_internal_a_int=\count161
\l__seq_internal_b_int=\count162
)
("C:\Program Files\MiKTeX 2.9\tex/latex/l3backend\l3backend-xdvipdfmx.def"
File: l3backend-xdvipdfmx.def 2019-04-06 v L3 Experimental backend support: xdv
ipdfmx
\g__graphics_track_int=\count163
\l__pdf_internal_box=\box45
\g__pdf_backend_object_int=\count164
\g__pdf_backend_annotation_int=\count165
))
Document Class: ctexart 2019/05/29 v2.4.16 Chinese adapter for class article (C
TEX)
("C:\Program Files\MiKTeX 2.9\tex/latex/l3packages/xparse\xparse.sty"
Package: xparse 2019-05-28 L3 Experimental document command parser
\l__xparse_current_arg_int=\count166
\g__xparse_grabber_int=\count167
\l__xparse_m_args_int=\count168
\l__xparse_v_nesting_int=\count169
)
("C:\Program Files\MiKTeX 2.9\tex/latex/l3packages/l3keys2e\l3keys2e.sty"
Package: l3keys2e 2019-05-28 LaTeX2e option processing using LaTeX3 keys
)
("C:\Program Files\MiKTeX 2.9\tex/latex/ctex\ctexhook.sty"
Package: ctexhook 2019/05/29 v2.4.16 Document and package hooks (CTEX)
)
("C:\Program Files\MiKTeX 2.9\tex/latex/ctex\ctexpatch.sty"
Package: ctexpatch 2019/05/29 v2.4.16 Patching commands (CTEX)
)
("C:\Program Files\MiKTeX 2.9\tex/latex/base\fix-cm.sty"
Package: fix-cm 2015/01/14 v1.1t fixes to LaTeX

("C:\Program Files\MiKTeX 2.9\tex/latex/base\ts1enc.def"
File: ts1enc.def 2001/06/05 v3.0e (jk/car/fm) Standard LaTeX file
))
("C:\Program Files\MiKTeX 2.9\tex/latex/ms\everysel.sty"
Package: everysel 2011/10/28 v1.2 EverySelectfont Package (MS)
)
\l__ctex_tmp_int=\count170
\l__ctex_tmp_box=\box46
\l__ctex_tmp_dim=\dimen134
\g__ctex_section_depth_int=\count171
\g__ctex_font_size_int=\count172

("C:\Program Files\MiKTeX 2.9\tex/latex/ctex/config\ctexopts.cfg"
File: ctexopts.cfg 2019/05/29 v2.4.16 Option configuration file (CTEX)
)
("C:\Program Files\MiKTeX 2.9\tex/latex/base\article.cls"
Document Class: article 2018/09/03 v1.4i Standard LaTeX document class
("C:\Program Files\MiKTeX 2.9\tex/latex/base\size12.clo"
File: size12.clo 2018/09/03 v1.4i Standard LaTeX file (size option)
)
\c@part=\count173
\c@section=\count174
\c@subsection=\count175
\c@subsubsection=\count176
\c@paragraph=\count177
\c@subparagraph=\count178
\c@figure=\count179
\c@table=\count180
\abovecaptionskip=\skip47
\belowcaptionskip=\skip48
\bibindent=\dimen135
)
("C:\Program Files\MiKTeX 2.9\tex/latex/ctex/engine\ctex-engine-xetex.def"
File: ctex-engine-xetex.def 2019/05/29 v2.4.16 XeLaTeX adapter (CTEX)

("C:\Program Files\MiKTeX 2.9\tex/xelatex/xecjk\xeCJK.sty"
Package: xeCJK 2019/06/02 v3.7.4 Typesetting CJK scripts with XeLaTeX

("C:\Program Files\MiKTeX 2.9\tex/latex/l3packages/xtemplate\xtemplate.sty"
Package: xtemplate 2019-05-28 L3 Experimental prototype document functions
\l__xtemplate_tmp_dim=\dimen136
\l__xtemplate_tmp_int=\count181
\l__xtemplate_tmp_muskip=\muskip16
\l__xtemplate_tmp_skip=\skip49
)
\l__xeCJK_tmp_int=\count182
\l__xeCJK_tmp_box=\box47
\l__xeCJK_tmp_dim=\dimen137
\l__xeCJK_tmp_skip=\skip50
\g__xeCJK_space_factor_int=\count183
\l__xeCJK_begin_int=\count184
\l__xeCJK_end_int=\count185
\c__xeCJK_CJK_class_int=\XeTeXcharclass1
\c__xeCJK_FullLeft_class_int=\XeTeXcharclass2
\c__xeCJK_FullRight_class_int=\XeTeXcharclass3
\c__xeCJK_HalfLeft_class_int=\XeTeXcharclass4
\c__xeCJK_HalfRight_class_int=\XeTeXcharclass5
\c__xeCJK_NormalSpace_class_int=\XeTeXcharclass6
\c__xeCJK_CM_class_int=\XeTeXcharclass7
\c__xeCJK_HangulJamo_class_int=\XeTeXcharclass8
\l__xeCJK_last_skip=\skip51
\g__xeCJK_node_int=\count186
\c__xeCJK_CJK_node_dim=\dimen138
\c__xeCJK_CJK-space_node_dim=\dimen139
\c__xeCJK_default_node_dim=\dimen140
\c__xeCJK_default-space_node_dim=\dimen141
\c__xeCJK_CJK-widow_node_dim=\dimen142
\c__xeCJK_normalspace_node_dim=\dimen143
\l__xeCJK_ccglue_skip=\skip52
\l__xeCJK_ecglue_skip=\skip53
\l__xeCJK_punct_kern_skip=\skip54
\l__xeCJK_last_penalty_int=\count187
\l__xeCJK_last_bound_dim=\dimen144
\l__xeCJK_last_kern_dim=\dimen145
\l__xeCJK_widow_penalty_int=\count188

Package xtemplate Info: Declaring object type 'xeCJK/punctuation' taking 0
(xtemplate)             argument(s) on line 2323.

\l__xeCJK_fixed_punct_width_dim=\dimen146
\l__xeCJK_mixed_punct_width_dim=\dimen147
\l__xeCJK_middle_punct_width_dim=\dimen148
\l__xeCJK_fixed_margin_width_dim=\dimen149
\l__xeCJK_mixed_margin_width_dim=\dimen150
\l__xeCJK_middle_margin_width_dim=\dimen151
\l__xeCJK_bound_punct_width_dim=\dimen152
\l__xeCJK_bound_margin_width_dim=\dimen153
\l__xeCJK_margin_minimum_dim=\dimen154
\l__xeCJK_kerning_total_width_dim=\dimen155
\l__xeCJK_same_align_margin_dim=\dimen156
\l__xeCJK_different_align_margin_dim=\dimen157
\l__xeCJK_kerning_margin_width_dim=\dimen158
\l__xeCJK_kerning_margin_minimum_dim=\dimen159
\l__xeCJK_bound_dim=\dimen160
\l__xeCJK_reverse_bound_dim=\dimen161
\l__xeCJK_margin_dim=\dimen162
\l__xeCJK_minimum_bound_dim=\dimen163
\l__xeCJK_kerning_margin_dim=\dimen164
\g__xeCJK_family_int=\count189
\l__xeCJK_fam_int=\count190
\g__xeCJK_fam_allocation_int=\count191
\l__xeCJK_verb_case_int=\count192
\l__xeCJK_verb_exspace_skip=\skip55

("C:\Program Files\MiKTeX 2.9\tex/latex/fontspec\fontspec.sty"
Package: fontspec 2019/03/15 v2.7c Font selection for XeLaTeX and LuaLaTeX

("C:\Program Files\MiKTeX 2.9\tex/latex/fontspec\fontspec-xetex.sty"
Package: fontspec-xetex 2019/03/15 v2.7c Font selection for XeLaTeX and LuaLaTe
X
\l__fontspec_script_int=\count193
\l__fontspec_language_int=\count194
\l__fontspec_strnum_int=\count195
\l__fontspec_tmp_int=\count196
\l__fontspec_tmpa_int=\count197
\l__fontspec_tmpb_int=\count198
\l__fontspec_tmpc_int=\count199
\l__fontspec_em_int=\count266
\l__fontspec_emdef_int=\count267
\l__fontspec_strong_int=\count268
\l__fontspec_strongdef_int=\count269
\l__fontspec_tmpa_dim=\dimen165
\l__fontspec_tmpb_dim=\dimen166
\l__fontspec_tmpc_dim=\dimen167

("C:\Program Files\MiKTeX 2.9\tex/latex/base\fontenc.sty"
Package: fontenc 2018/08/11 v2.0j Standard LaTeX package

("C:\Program Files\MiKTeX 2.9\tex/latex/base\tuenc.def"
File: tuenc.def 2018/08/11 v2.0j Standard LaTeX file
LaTeX Font Info:    Redeclaring font encoding TU on input line 82.
))
("C:\Program Files\MiKTeX 2.9\tex/latex/fontspec\fontspec.cfg")
LaTeX Info: Redefining \itshape on input line 4051.
LaTeX Info: Redefining \slshape on input line 4056.
LaTeX Info: Redefining \scshape on input line 4061.
LaTeX Info: Redefining \upshape on input line 4066.
LaTeX Info: Redefining \em on input line 4096.
LaTeX Info: Redefining \emph on input line 4121.
))
("C:\Program Files\MiKTeX 2.9\tex/xelatex/xecjk\xeCJK.cfg"
File: xeCJK.cfg 2019/06/02 v3.7.4 Configuration file for xeCJK package
))
("C:\Program Files\MiKTeX 2.9\tex/xelatex/xecjk\xeCJKfntef.sty"
Package: xeCJKfntef 2019/06/02 v3.7.4 xeCJK font effect

("C:\Program Files\MiKTeX 2.9\tex/latex/ulem\ulem.sty"
\UL@box=\box48
\UL@hyphenbox=\box49
\UL@skip=\skip56
\UL@hook=\toks14
\UL@height=\dimen168
\UL@pe=\count270
\UL@pixel=\dimen169
\ULC@box=\box50
Package: ulem 2012/05/18
\ULdepth=\dimen170
)
("C:\Program Files\MiKTeX 2.9\tex/latex/cjk\CJKfntef.sty"
Package: CJKfntef 2015/04/18 4.8.4
\CJK@fntefSkip=\skip57
\CJK@nest=\count271
\CJK@fntefDimen=\dimen171
\CJK@underdotBox=\box51
\CJK@ULbox=\box52
\CJK@underanyskip=\dimen172
)
\l__xeCJK_space_skip=\skip58
\c__xeCJK_ulem-begin_node_dim=\dimen173
\c__xeCJK_null_box=\box53
\l__xeCJK_fntef_box=\box54
\l__xeCJK_under_symbol_box=\box55
\c__xeCJK_filll_skip=\skip59
)
\ccwd=\dimen174
\l__ctex_ccglue_skip=\skip60
)
\l__ctex_ziju_dim=\dimen175

("C:\Program Files\MiKTeX 2.9\tex/latex/zhnumber\zhnumber.sty"
Package: zhnumber 2019/04/07 v2.7 Typesetting numbers with Chinese glyphs
\l__zhnum_scale_int=\count272

("C:\Program Files\MiKTeX 2.9\tex/latex/zhnumber\zhnumber-utf8.cfg"
File: zhnumber-utf8.cfg 2019/04/07 v2.7 Chinese numerals with UTF8 encoding
))
\l__ctex_heading_skip=\skip61

("C:\Program Files\MiKTeX 2.9\tex/latex/ctex/scheme\ctex-scheme-chinese-article
.def"
File: ctex-scheme-chinese-article.def 2019/05/29 v2.4.16 Chinese scheme for art
icle (CTEX)
 ("C:\Program Files\MiKTeX 2.9\tex/latex/ctex/config\ctex-name-utf8.cfg"
File: ctex-name-utf8.cfg 2019/05/29 v2.4.16 Caption with encoding UTF8 (CTEX)
)) ("C:\Program Files\MiKTeX 2.9\tex/latex/ctex/fontset\ctex-fontset-windows.de
f"
File: ctex-fontset-windows.def 2019/05/29 v2.4.16 Windows fonts definition (CTE
X)

("C:\Program Files\MiKTeX 2.9\tex/latex/ctex/fontset\ctex-fontset-windowsnew.de
f"
File: ctex-fontset-windowsnew.def 2019/05/29 v2.4.16 Windows fonts definition f
or Vista or later version (CTEX)

Package fontspec Info: Could not resolve font "KaiTi/B" (it probably doesn't
(fontspec)             exist).


Package fontspec Info: Could not resolve font "SimHei/I" (it probably doesn't
(fontspec)             exist).


Package fontspec Info: Could not resolve font "SimSun/BI" (it probably doesn't
(fontspec)             exist).


Package fontspec Info: Font family 'SimSun(0)' created for font 'SimSun' with
(fontspec)             options
(fontspec)             [Script={CJK},BoldFont={SimHei},ItalicFont={KaiTi}].
(fontspec)              
(fontspec)              This font family consists of the following NFSS
(fontspec)             series/shapes:
(fontspec)              
(fontspec)             - 'normal' (m/n) with NFSS spec.:
(fontspec)             <->"SimSun/OT:script=hani;language=DFLT;"
(fontspec)             - 'small caps'  (m/sc) with NFSS spec.: 
(fontspec)             - 'bold' (bx/n) with NFSS spec.:
(fontspec)             <->"SimHei/OT:script=hani;language=DFLT;"
(fontspec)             - 'bold small caps'  (bx/sc) with NFSS spec.: 
(fontspec)             - 'italic' (m/it) with NFSS spec.:
(fontspec)             <->"KaiTi/OT:script=hani;language=DFLT;"
(fontspec)             - 'italic small caps'  (m/itsc) with NFSS spec.: 

))) ("C:\Program Files\MiKTeX 2.9\tex/latex/ctex/config\ctex.cfg"
File: ctex.cfg 2019/05/29 v2.4.16 Configuration file (CTEX)
)
(template.sty ("C:\Program Files\MiKTeX 2.9\tex/latex/amsmath\amsmath.sty"
Package: amsmath 2018/12/01 v2.17b AMS math features
\@mathmargin=\skip62

For additional information on amsmath, use the `?' option.
("C:\Program Files\MiKTeX 2.9\tex/latex/amsmath\amstext.sty"
Package: amstext 2000/06/29 v2.01 AMS text

("C:\Program Files\MiKTeX 2.9\tex/latex/amsmath\amsgen.sty"
File: amsgen.sty 1999/11/30 v2.0 generic functions
\@emptytoks=\toks15
\ex@=\dimen176
))
("C:\Program Files\MiKTeX 2.9\tex/latex/amsmath\amsbsy.sty"
Package: amsbsy 1999/11/29 v1.2d Bold Symbols
\pmbraise@=\dimen177
)
("C:\Program Files\MiKTeX 2.9\tex/latex/amsmath\amsopn.sty"
Package: amsopn 2016/03/08 v2.02 operator names
)
\inf@bad=\count273
LaTeX Info: Redefining \frac on input line 223.
\uproot@=\count274
\leftroot@=\count275
LaTeX Info: Redefining \overline on input line 385.
\classnum@=\count276
\DOTSCASE@=\count277
LaTeX Info: Redefining \ldots on input line 482.
LaTeX Info: Redefining \dots on input line 485.
LaTeX Info: Redefining \cdots on input line 606.
\Mathstrutbox@=\box56
\strutbox@=\box57
\big@size=\dimen178
LaTeX Font Info:    Redeclaring font encoding OML on input line 729.
LaTeX Font Info:    Redeclaring font encoding OMS on input line 730.
\macc@depth=\count278
\c@MaxMatrixCols=\count279
\dotsspace@=\muskip17
\c@parentequation=\count280
\dspbrk@lvl=\count281
\tag@help=\toks16
\row@=\count282
\column@=\count283
\maxfields@=\count284
\andhelp@=\toks17
\eqnshift@=\dimen179
\alignsep@=\dimen180
\tagshift@=\dimen181
\tagwidth@=\dimen182
\totwidth@=\dimen183
\lineht@=\dimen184
\@envbody=\toks18
\multlinegap=\skip63
\multlinetaggap=\skip64
\mathdisplay@stack=\toks19
LaTeX Info: Redefining \[ on input line 2844.
LaTeX Info: Redefining \] on input line 2845.
)
("C:\Program Files\MiKTeX 2.9\tex/latex/amscls\amsthm.sty"
Package: amsthm 2017/10/31 v2.20.4
\thm@style=\toks20
\thm@bodyfont=\toks21
\thm@headfont=\toks22
\thm@notefont=\toks23
\thm@headpunct=\toks24
\thm@preskip=\skip65
\thm@postskip=\skip66
\thm@headsep=\skip67
\dth@everypar=\toks25
)
("C:\Program Files\MiKTeX 2.9\tex/latex/shorttoc\shorttoc.sty"
Package: shorttoc 2002/08/20 v1.3 Short table of contents (JPFD)
)
("C:\Program Files\MiKTeX 2.9\tex/latex/minted\minted.sty"
Package: minted 2017/07/19 v2.5 Yet another Pygments shim for LaTeX

("C:\Program Files\MiKTeX 2.9\tex/latex/graphics\keyval.sty"
Package: keyval 2014/10/28 v1.15 key=value parser (DPC)
\KV@toks@=\toks26
)
("C:\Program Files\MiKTeX 2.9\tex/latex/oberdiek\kvoptions.sty"
Package: kvoptions 2016/05/16 v3.12 Key value format for package options (HO)

("C:\Program Files\MiKTeX 2.9\tex/generic/oberdiek\ltxcmds.sty"
Package: ltxcmds 2016/05/16 v1.23 LaTeX kernel commands for general use (HO)
)
("C:\Program Files\MiKTeX 2.9\tex/generic/oberdiek\kvsetkeys.sty"
Package: kvsetkeys 2016/05/16 v1.17 Key value parser (HO)

("C:\Program Files\MiKTeX 2.9\tex/generic/oberdiek\infwarerr.sty"
Package: infwarerr 2016/05/16 v1.4 Providing info/warning/error messages (HO)
)
("C:\Program Files\MiKTeX 2.9\tex/generic/oberdiek\etexcmds.sty"
Package: etexcmds 2016/05/16 v1.6 Avoid name clashes with e-TeX commands (HO)

("C:\Program Files\MiKTeX 2.9\tex/generic/oberdiek\ifluatex.sty"
Package: ifluatex 2016/05/16 v1.4 Provides the ifluatex switch (HO)
Package ifluatex Info: LuaTeX not detected.
))))
("C:\Program Files\MiKTeX 2.9\tex/latex/fvextra\fvextra.sty"
Package: fvextra 2019/02/04 v1.4 fvextra - extensions and patches for fancyvrb

("C:\Program Files\MiKTeX 2.9\tex/latex/base\ifthen.sty"
Package: ifthen 2014/09/29 v1.1c Standard LaTeX ifthen package (DPC)
)
("C:\Program Files\MiKTeX 2.9\tex/latex/etoolbox\etoolbox.sty"
Package: etoolbox 2019/09/21 v2.5h e-TeX tools for LaTeX (JAW)
\etb@tempcnta=\count285
)
("C:\Program Files\MiKTeX 2.9\tex/latex/fancyvrb\fancyvrb.sty"
Package: fancyvrb 2019/10/22

Style option: `fancyvrb' v3.3 <2019/10/22> (tvz)
\FV@CodeLineNo=\count286
\FV@InFile=\read2
\FV@TabBox=\box58
\c@FancyVerbLine=\count287
\FV@StepNumber=\count288
\FV@OutFile=\write3
)
("C:\Program Files\MiKTeX 2.9\tex/latex/upquote\upquote.sty"
Package: upquote 2012/04/19 v1.3 upright-quote and grave-accent glyphs in verba
tim

("C:\Program Files\MiKTeX 2.9\tex/latex/base\textcomp.sty"
Package: textcomp 2018/08/11 v2.0j Standard LaTeX package
Package textcomp Info: Sub-encoding information:
(textcomp)               5 = only ISO-Adobe without \textcurrency
(textcomp)               4 = 5 + \texteuro
(textcomp)               3 = 4 + \textohm
(textcomp)               2 = 3 + \textestimated + \textcurrency
(textcomp)               1 = TS1 - \textcircled - \t
(textcomp)               0 = TS1 (full)
(textcomp)             Font families with sub-encoding setting implement
(textcomp)             only a restricted character set as indicated.
(textcomp)             Family '?' is the default used for unknown fonts.
(textcomp)             See the documentation for details.
Package textcomp Info: Setting ? sub-encoding to TS1/1 on input line 79.

("C:\Program Files\MiKTeX 2.9\tex/latex/base\ts1enc.def"
File: ts1enc.def 2001/06/05 v3.0e (jk/car/fm) Standard LaTeX file
LaTeX Font Info:    Redeclaring font encoding TS1 on input line 47.
)
LaTeX Info: Redefining \oldstylenums on input line 334.
Package textcomp Info: Setting cmr sub-encoding to TS1/0 on input line 349.
Package textcomp Info: Setting cmss sub-encoding to TS1/0 on input line 350.
Package textcomp Info: Setting cmtt sub-encoding to TS1/0 on input line 351.
Package textcomp Info: Setting cmvtt sub-encoding to TS1/0 on input line 352.
Package textcomp Info: Setting cmbr sub-encoding to TS1/0 on input line 353.
Package textcomp Info: Setting cmtl sub-encoding to TS1/0 on input line 354.
Package textcomp Info: Setting ccr sub-encoding to TS1/0 on input line 355.
Package textcomp Info: Setting ptm sub-encoding to TS1/4 on input line 356.
Package textcomp Info: Setting pcr sub-encoding to TS1/4 on input line 357.
Package textcomp Info: Setting phv sub-encoding to TS1/4 on input line 358.
Package textcomp Info: Setting ppl sub-encoding to TS1/3 on input line 359.
Package textcomp Info: Setting pag sub-encoding to TS1/4 on input line 360.
Package textcomp Info: Setting pbk sub-encoding to TS1/4 on input line 361.
Package textcomp Info: Setting pnc sub-encoding to TS1/4 on input line 362.
Package textcomp Info: Setting pzc sub-encoding to TS1/4 on input line 363.
Package textcomp Info: Setting bch sub-encoding to TS1/4 on input line 364.
Package textcomp Info: Setting put sub-encoding to TS1/5 on input line 365.
Package textcomp Info: Setting uag sub-encoding to TS1/5 on input line 366.
Package textcomp Info: Setting ugq sub-encoding to TS1/5 on input line 367.
Package textcomp Info: Setting ul8 sub-encoding to TS1/4 on input line 368.
Package textcomp Info: Setting ul9 sub-encoding to TS1/4 on input line 369.
Package textcomp Info: Setting augie sub-encoding to TS1/5 on input line 370.
Package textcomp Info: Setting dayrom sub-encoding to TS1/3 on input line 371.
Package textcomp Info: Setting dayroms sub-encoding to TS1/3 on input line 372.

Package textcomp Info: Setting pxr sub-encoding to TS1/0 on input line 373.
Package textcomp Info: Setting pxss sub-encoding to TS1/0 on input line 374.
Package textcomp Info: Setting pxtt sub-encoding to TS1/0 on input line 375.
Package textcomp Info: Setting txr sub-encoding to TS1/0 on input line 376.
Package textcomp Info: Setting txss sub-encoding to TS1/0 on input line 377.
Package textcomp Info: Setting txtt sub-encoding to TS1/0 on input line 378.
Package textcomp Info: Setting lmr sub-encoding to TS1/0 on input line 379.
Package textcomp Info: Setting lmdh sub-encoding to TS1/0 on input line 380.
Package textcomp Info: Setting lmss sub-encoding to TS1/0 on input line 381.
Package textcomp Info: Setting lmssq sub-encoding to TS1/0 on input line 382.
Package textcomp Info: Setting lmvtt sub-encoding to TS1/0 on input line 383.
Package textcomp Info: Setting lmtt sub-encoding to TS1/0 on input line 384.
Package textcomp Info: Setting qhv sub-encoding to TS1/0 on input line 385.
Package textcomp Info: Setting qag sub-encoding to TS1/0 on input line 386.
Package textcomp Info: Setting qbk sub-encoding to TS1/0 on input line 387.
Package textcomp Info: Setting qcr sub-encoding to TS1/0 on input line 388.
Package textcomp Info: Setting qcs sub-encoding to TS1/0 on input line 389.
Package textcomp Info: Setting qpl sub-encoding to TS1/0 on input line 390.
Package textcomp Info: Setting qtm sub-encoding to TS1/0 on input line 391.
Package textcomp Info: Setting qzc sub-encoding to TS1/0 on input line 392.
Package textcomp Info: Setting qhvc sub-encoding to TS1/0 on input line 393.
Package textcomp Info: Setting futs sub-encoding to TS1/4 on input line 394.
Package textcomp Info: Setting futx sub-encoding to TS1/4 on input line 395.
Package textcomp Info: Setting futj sub-encoding to TS1/4 on input line 396.
Package textcomp Info: Setting hlh sub-encoding to TS1/3 on input line 397.
Package textcomp Info: Setting hls sub-encoding to TS1/3 on input line 398.
Package textcomp Info: Setting hlst sub-encoding to TS1/3 on input line 399.
Package textcomp Info: Setting hlct sub-encoding to TS1/5 on input line 400.
Package textcomp Info: Setting hlx sub-encoding to TS1/5 on input line 401.
Package textcomp Info: Setting hlce sub-encoding to TS1/5 on input line 402.
Package textcomp Info: Setting hlcn sub-encoding to TS1/5 on input line 403.
Package textcomp Info: Setting hlcw sub-encoding to TS1/5 on input line 404.
Package textcomp Info: Setting hlcf sub-encoding to TS1/5 on input line 405.
Package textcomp Info: Setting pplx sub-encoding to TS1/3 on input line 406.
Package textcomp Info: Setting pplj sub-encoding to TS1/3 on input line 407.
Package textcomp Info: Setting ptmx sub-encoding to TS1/4 on input line 408.
Package textcomp Info: Setting ptmj sub-encoding to TS1/4 on input line 409.
))
("C:\Program Files\MiKTeX 2.9\tex/latex/lineno\lineno.sty"
Package: lineno 2005/11/02 line numbers on paragraphs v4.41
Invalid UTF-8 byte or sequence at line 296 replaced by U+FFFD.
\linenopenalty=\count289
\output=\toks27
\linenoprevgraf=\count290
\linenumbersep=\dimen185
\linenumberwidth=\dimen186
\c@linenumber=\count291
\c@pagewiselinenumber=\count292
\c@LN@truepage=\count293
\c@internallinenumber=\count294
\c@internallinenumbers=\count295
\quotelinenumbersep=\dimen187
\bframerule=\dimen188
\bframesep=\dimen189
\bframebox=\box59
LaTeX Info: Redefining \\ on input line 3056.
)
\c@FV@TrueTabGroupLevel=\count296
\c@FV@TrueTabCounter=\count297
\FV@TabBox@Group=\box60
\FV@TmpLength=\skip68
\c@FV@HighlightLinesStart=\count298
\c@FV@HighlightLinesStop=\count299
\FV@LoopCount=\count300
\FV@NCharsBox=\box61
\FV@BreakIndent=\dimen190
\FV@BreakIndentNChars=\count301
\FV@BreakSymbolSepLeft=\dimen191
\FV@BreakSymbolSepLeftNChars=\count302
\FV@BreakSymbolSepRight=\dimen192
\FV@BreakSymbolSepRightNChars=\count303
\FV@BreakSymbolIndentLeft=\dimen193
\FV@BreakSymbolIndentLeftNChars=\count304
\FV@BreakSymbolIndentRight=\dimen194
\FV@BreakSymbolIndentRightNChars=\count305
\c@FancyVerbLineBreakLast=\count306
\FV@LineBox=\box62
\FV@LineIndentBox=\box63
\FV@LineWidth=\dimen195
)
("C:\Program Files\MiKTeX 2.9\tex/latex/tools\calc.sty"
Package: calc 2017/05/25 v4.3 Infix arithmetic (KKT,FJ)
\calc@Acount=\count307
\calc@Bcount=\count308
\calc@Adimen=\dimen196
\calc@Bdimen=\dimen197
\calc@Askip=\skip69
\calc@Bskip=\skip70
LaTeX Info: Redefining \setlength on input line 80.
LaTeX Info: Redefining \addtolength on input line 81.
\calc@Ccount=\count309
\calc@Cskip=\skip71
)
("C:\Program Files\MiKTeX 2.9\tex/latex/tools\shellesc.sty"
Package: shellesc 2016/06/07 v0.02a unified shell escape interface for LaTeX
Package shellesc Info: Unrestricted shell escape enabled on input line 67.
)
("C:\Program Files\MiKTeX 2.9\tex/latex/ifplatform\ifplatform.sty"
Package: ifplatform 2017/10/13 v0.4a Testing for the operating system

("C:\Program Files\MiKTeX 2.9\tex/generic/oberdiek\pdftexcmds.sty"
Package: pdftexcmds 2019/07/25 v0.30 Utility functions of pdfTeX for LuaTeX (HO
)

("C:\Program Files\MiKTeX 2.9\tex/generic/oberdiek\ifpdf.sty"
Package: ifpdf 2018/09/07 v3.3 Provides the ifpdf switch
)
Package pdftexcmds Info: LuaTeX not detected.
Package pdftexcmds Info: pdfTeX >= 1.30 not detected.
Package pdftexcmds Info: \pdf@primitive is available.
Package pdftexcmds Info: \pdf@ifprimitive is available.
Package pdftexcmds Info: \pdfdraftmode not found.
)
("C:\Program Files\MiKTeX 2.9\tex/generic/oberdiek\catchfile.sty"
Package: catchfile 2016/05/16 v1.7 Catch the contents of a file (HO)
))
("C:\Program Files\MiKTeX 2.9\tex/latex/xstring\xstring.sty"
("C:\Program Files\MiKTeX 2.9\tex/generic/xstring\xstring.tex"
\integerpart=\count310
Invalid UTF-8 byte or sequence at line 35 replaced by U+FFFD.
\decimalpart=\count311
Invalid UTF-8 byte or sequence at line 79 replaced by U+FFFD.
Invalid UTF-8 byte or sequence at line 79 replaced by U+FFFD.
Invalid UTF-8 byte or sequence at line 83 replaced by U+FFFD.
Invalid UTF-8 byte or sequence at line 86 replaced by U+FFFD.
Invalid UTF-8 byte or sequence at line 102 replaced by U+FFFD.
Invalid UTF-8 byte or sequence at line 114 replaced by U+FFFD.
Invalid UTF-8 byte or sequence at line 120 replaced by U+FFFD.
Invalid UTF-8 byte or sequence at line 125 replaced by U+FFFD.
Invalid UTF-8 byte or sequence at line 147 replaced by U+FFFD.
Invalid UTF-8 byte or sequence at line 147 replaced by U+FFFD.
Invalid UTF-8 byte or sequence at line 147 replaced by U+FFFD.
Invalid UTF-8 byte or sequence at line 182 replaced by U+FFFD.
Invalid UTF-8 byte or sequence at line 182 replaced by U+FFFD.
Invalid UTF-8 byte or sequence at line 182 replaced by U+FFFD.
Invalid UTF-8 byte or sequence at line 183 replaced by U+FFFD.
Invalid UTF-8 byte or sequence at line 184 replaced by U+FFFD.
Invalid UTF-8 byte or sequence at line 185 replaced by U+FFFD.
Invalid UTF-8 byte or sequence at line 185 replaced by U+FFFD.
Invalid UTF-8 byte or sequence at line 185 replaced by U+FFFD.
Invalid UTF-8 byte or sequence at line 189 replaced by U+FFFD.
Invalid UTF-8 byte or sequence at line 189 replaced by U+FFFD.
Invalid UTF-8 byte or sequence at line 190 replaced by U+FFFD.
Invalid UTF-8 byte or sequence at line 190 replaced by U+FFFD.
Invalid UTF-8 byte or sequence at line 193 replaced by U+FFFD.
Invalid UTF-8 byte or sequence at line 208 replaced by U+FFFD.
Invalid UTF-8 byte or sequence at line 208 replaced by U+FFFD.
Invalid UTF-8 byte or sequence at line 208 replaced by U+FFFD.
Invalid UTF-8 byte or sequence at line 208 replaced by U+FFFD.
Invalid UTF-8 byte or sequence at line 208 replaced by U+FFFD.
Invalid UTF-8 byte or sequence at line 208 replaced by U+FFFD.
Invalid UTF-8 byte or sequence at line 221 replaced by U+FFFD.
Invalid UTF-8 byte or sequence at line 221 replaced by U+FFFD.
Invalid UTF-8 byte or sequence at line 241 replaced by U+FFFD.
Invalid UTF-8 byte or sequence at line 241 replaced by U+FFFD.
Invalid UTF-8 byte or sequence at line 241 replaced by U+FFFD.
Invalid UTF-8 byte or sequence at line 241 replaced by U+FFFD.
Invalid UTF-8 byte or sequence at line 266 replaced by U+FFFD.
Invalid UTF-8 byte or sequence at line 284 replaced by U+FFFD.
Invalid UTF-8 byte or sequence at line 295 replaced by U+FFFD.
Invalid UTF-8 byte or sequence at line 300 replaced by U+FFFD.
Invalid UTF-8 byte or sequence at line 300 replaced by U+FFFD.
Invalid UTF-8 byte or sequence at line 301 replaced by U+FFFD.
Invalid UTF-8 byte or sequence at line 301 replaced by U+FFFD.
Invalid UTF-8 byte or sequence at line 301 replaced by U+FFFD.
Invalid UTF-8 byte or sequence at line 302 replaced by U+FFFD.
Invalid UTF-8 byte or sequence at line 303 replaced by U+FFFD.
Invalid UTF-8 byte or sequence at line 332 replaced by U+FFFD.
Invalid UTF-8 byte or sequence at line 332 replaced by U+FFFD.
Invalid UTF-8 byte or sequence at line 332 replaced by U+FFFD.
Invalid UTF-8 byte or sequence at line 332 replaced by U+FFFD.
Invalid UTF-8 byte or sequence at line 333 replaced by U+FFFD.
Invalid UTF-8 byte or sequence at line 334 replaced by U+FFFD.
Invalid UTF-8 byte or sequence at line 334 replaced by U+FFFD.
Invalid UTF-8 byte or sequence at line 334 replaced by U+FFFD.
Invalid UTF-8 byte or sequence at line 406 replaced by U+FFFD.
Invalid UTF-8 byte or sequence at line 406 replaced by U+FFFD.
Invalid UTF-8 byte or sequence at line 409 replaced by U+FFFD.
Invalid UTF-8 byte or sequence at line 410 replaced by U+FFFD.
Invalid UTF-8 byte or sequence at line 428 replaced by U+FFFD.
Invalid UTF-8 byte or sequence at line 434 replaced by U+FFFD.
Invalid UTF-8 byte or sequence at line 457 replaced by U+FFFD.
Invalid UTF-8 byte or sequence at line 457 replaced by U+FFFD.
Invalid UTF-8 byte or sequence at line 464 replaced by U+FFFD.
Invalid UTF-8 byte or sequence at line 464 replaced by U+FFFD.
Invalid UTF-8 byte or sequence at line 466 replaced by U+FFFD.
Invalid UTF-8 byte or sequence at line 466 replaced by U+FFFD.
Invalid UTF-8 byte or sequence at line 541 replaced by U+FFFD.
Invalid UTF-8 byte or sequence at line 541 replaced by U+FFFD.
Invalid UTF-8 byte or sequence at line 541 replaced by U+FFFD.
Invalid UTF-8 byte or sequence at line 586 replaced by U+FFFD.
Invalid UTF-8 byte or sequence at line 586 replaced by U+FFFD.
Invalid UTF-8 byte or sequence at line 588 replaced by U+FFFD.
Invalid UTF-8 byte or sequence at line 588 replaced by U+FFFD.
Invalid UTF-8 byte or sequence at line 595 replaced by U+FFFD.
Invalid UTF-8 byte or sequence at line 597 replaced by U+FFFD.
Invalid UTF-8 byte or sequence at line 599 replaced by U+FFFD.
Invalid UTF-8 byte or sequence at line 602 replaced by U+FFFD.
Invalid UTF-8 byte or sequence at line 605 replaced by U+FFFD.
Invalid UTF-8 byte or sequence at line 605 replaced by U+FFFD.
Invalid UTF-8 byte or sequence at line 610 replaced by U+FFFD.
Invalid UTF-8 byte or sequence at line 615 replaced by U+FFFD.
Invalid UTF-8 byte or sequence at line 632 replaced by U+FFFD.
Invalid UTF-8 byte or sequence at line 632 replaced by U+FFFD.
Invalid UTF-8 byte or sequence at line 633 replaced by U+FFFD.
Invalid UTF-8 byte or sequence at line 635 replaced by U+FFFD.
Invalid UTF-8 byte or sequence at line 637 replaced by U+FFFD.
Invalid UTF-8 byte or sequence at line 647 replaced by U+FFFD.
Invalid UTF-8 byte or sequence at line 653 replaced by U+FFFD.
Invalid UTF-8 byte or sequence at line 678 replaced by U+FFFD.
Invalid UTF-8 byte or sequence at line 700 replaced by U+FFFD.
Invalid UTF-8 byte or sequence at line 705 replaced by U+FFFD.
Invalid UTF-8 byte or sequence at line 715 replaced by U+FFFD.
Invalid UTF-8 byte or sequence at line 715 replaced by U+FFFD.
Invalid UTF-8 byte or sequence at line 715 replaced by U+FFFD.
Invalid UTF-8 byte or sequence at line 719 replaced by U+FFFD.
Invalid UTF-8 byte or sequence at line 732 replaced by U+FFFD.
Invalid UTF-8 byte or sequence at line 732 replaced by U+FFFD.
Invalid UTF-8 byte or sequence at line 741 replaced by U+FFFD.
Invalid UTF-8 byte or sequence at line 741 replaced by U+FFFD.
Invalid UTF-8 byte or sequence at line 742 replaced by U+FFFD.
Invalid UTF-8 byte or sequence at line 742 replaced by U+FFFD.
Invalid UTF-8 byte or sequence at line 762 replaced by U+FFFD.
Invalid UTF-8 byte or sequence at line 773 replaced by U+FFFD.
Invalid UTF-8 byte or sequence at line 773 replaced by U+FFFD.
Invalid UTF-8 byte or sequence at line 774 replaced by U+FFFD.
Invalid UTF-8 byte or sequence at line 774 replaced by U+FFFD.
Invalid UTF-8 byte or sequence at line 774 replaced by U+FFFD.
Invalid UTF-8 byte or sequence at line 797 replaced by U+FFFD.
Invalid UTF-8 byte or sequence at line 797 replaced by U+FFFD.
Invalid UTF-8 byte or sequence at line 810 replaced by U+FFFD.
Invalid UTF-8 byte or sequence at line 824 replaced by U+FFFD.
Invalid UTF-8 byte or sequence at line 824 replaced by U+FFFD.
Invalid UTF-8 byte or sequence at line 831 replaced by U+FFFD.
Invalid UTF-8 byte or sequence at line 838 replaced by U+FFFD.
Invalid UTF-8 byte or sequence at line 838 replaced by U+FFFD.
Invalid UTF-8 byte or sequence at line 846 replaced by U+FFFD.
Invalid UTF-8 byte or sequence at line 846 replaced by U+FFFD.
Invalid UTF-8 byte or sequence at line 861 replaced by U+FFFD.
Invalid UTF-8 byte or sequence at line 862 replaced by U+FFFD.
Invalid UTF-8 byte or sequence at line 864 replaced by U+FFFD.
Invalid UTF-8 byte or sequence at line 864 replaced by U+FFFD.
Invalid UTF-8 byte or sequence at line 908 replaced by U+FFFD.
Invalid UTF-8 byte or sequence at line 909 replaced by U+FFFD.
Invalid UTF-8 byte or sequence at line 909 replaced by U+FFFD.
Invalid UTF-8 byte or sequence at line 934 replaced by U+FFFD.
Invalid UTF-8 byte or sequence at line 934 replaced by U+FFFD.
Invalid UTF-8 byte or sequence at line 936 replaced by U+FFFD.
Invalid UTF-8 byte or sequence at line 936 replaced by U+FFFD.
Invalid UTF-8 byte or sequence at line 940 replaced by U+FFFD.
Invalid UTF-8 byte or sequence at line 940 replaced by U+FFFD.
Invalid UTF-8 byte or sequence at line 962 replaced by U+FFFD.
Invalid UTF-8 byte or sequence at line 962 replaced by U+FFFD.
Invalid UTF-8 byte or sequence at line 964 replaced by U+FFFD.
Invalid UTF-8 byte or sequence at line 965 replaced by U+FFFD.
Invalid UTF-8 byte or sequence at line 1006 replaced by U+FFFD.
)
Package: xstring 2019/02/06 v1.83 String manipulations (CT)
)
("C:\Program Files\MiKTeX 2.9\tex/latex/framed\framed.sty"
Package: framed 2011/10/22 v 0.96: framed or shaded text with page breaks
\OuterFrameSep=\skip72
\fb@frw=\dimen198
\fb@frh=\dimen199
\FrameRule=\dimen256
\FrameSep=\dimen257
)
("C:\Program Files\MiKTeX 2.9\tex/latex/float\float.sty"
Package: float 2001/11/08 v1.3d Float enhancements (AL)
\c@float@type=\count312
\float@exts=\toks28
\float@box=\box64
\@float@everytoks=\toks29
\@floatcapt=\box65
)
\minted@appexistsfile=\read3
\minted@bgbox=\box66
\minted@code=\write4
\c@minted@FancyVerbLineTemp=\count313
\c@minted@pygmentizecounter=\count314
\@float@every@listing=\toks30
\c@listing=\count315
)
("C:\Program Files\MiKTeX 2.9\tex/latex/geometry\geometry.sty"
Package: geometry 2018/04/16 v5.8 Page Geometry

("C:\Program Files\MiKTeX 2.9\tex/generic/oberdiek\ifvtex.sty"
Package: ifvtex 2016/05/16 v1.6 Detect VTeX and its facilities (HO)
Package ifvtex Info: VTeX not detected.
)
("C:\Program Files\MiKTeX 2.9\tex/generic/ifxetex\ifxetex.sty"
Package: ifxetex 2010/09/12 v0.6 Provides ifxetex conditional
)
\Gm@cnth=\count316
\Gm@cntv=\count317
\c@Gm@tempcnt=\count318
\Gm@bindingoffset=\dimen258
\Gm@wd@mp=\dimen259
\Gm@odd@mp=\dimen260
\Gm@even@mp=\dimen261
\Gm@layoutwidth=\dimen262
\Gm@layoutheight=\dimen263
\Gm@layouthoffset=\dimen264
\Gm@layoutvoffset=\dimen265
\Gm@dimlist=\toks31

("C:\Program Files\MiKTeX 2.9\tex/xelatex/xetexconfig\geometry.cfg"))
("C:\Program Files\MiKTeX 2.9\tex/latex/graphics\graphicx.sty"
Package: graphicx 2017/06/01 v1.1a Enhanced LaTeX Graphics (DPC,SPQR)

("C:\Program Files\MiKTeX 2.9\tex/latex/graphics\graphics.sty"
Package: graphics 2017/06/25 v1.2c Standard LaTeX Graphics (DPC,SPQR)

("C:\Program Files\MiKTeX 2.9\tex/latex/graphics\trig.sty"
Package: trig 2016/01/03 v1.10 sin cos tan (DPC)
)
("C:\Program Files\MiKTeX 2.9\tex/latex/graphics-cfg\graphics.cfg"
File: graphics.cfg 2016/06/04 v1.11 sample graphics configuration
)
Package graphics Info: Driver file: xetex.def on input line 99.

("C:\Program Files\MiKTeX 2.9\tex/latex/graphics-def\xetex.def"
File: xetex.def 2017/06/24 v5.0h Graphics/color driver for xetex
))
\Gin@req@height=\dimen266
\Gin@req@width=\dimen267
)
\c@theorem=\count319
\c@defination=\count320
\c@corollary=\count321
)
("C:\Program Files\MiKTeX 2.9\tex/latex/xcolor\xcolor.sty"
Package: xcolor 2016/05/11 v2.12 LaTeX color extensions (UK)

("C:\Program Files\MiKTeX 2.9\tex/latex/graphics-cfg\color.cfg"
File: color.cfg 2016/01/02 v1.6 sample color configuration
)
Package xcolor Info: Driver file: xetex.def on input line 225.
Package xcolor Info: Model `cmy' substituted by `cmy0' on input line 1348.
Package xcolor Info: Model `RGB' extended on input line 1364.
Package xcolor Info: Model `HTML' substituted by `rgb' on input line 1366.
Package xcolor Info: Model `Hsb' substituted by `hsb' on input line 1367.
Package xcolor Info: Model `tHsb' substituted by `hsb' on input line 1368.
Package xcolor Info: Model `HSB' substituted by `hsb' on input line 1369.
Package xcolor Info: Model `Gray' substituted by `gray' on input line 1370.
Package xcolor Info: Model `wave' substituted by `hsb' on input line 1371.
)
runsystem(for ^%i in (pygmentize.exe pygmentize.bat pygmentize.cmd) do set > ma
in.aex <nul: /p x=^%~$PATH:i>> main.aex)...executed.

runsystem(del main.aex)...executed.

 (main.aux)
\openout1 = `main.aux'.

LaTeX Font Info:    Checking defaults for OML/cmm/m/it on input line 4.
LaTeX Font Info:    ... okay on input line 4.
LaTeX Font Info:    Checking defaults for T1/cmr/m/n on input line 4.
LaTeX Font Info:    ... okay on input line 4.
LaTeX Font Info:    Checking defaults for OT1/cmr/m/n on input line 4.
LaTeX Font Info:    ... okay on input line 4.
LaTeX Font Info:    Checking defaults for OMS/cmsy/m/n on input line 4.
LaTeX Font Info:    ... okay on input line 4.
LaTeX Font Info:    Checking defaults for TU/lmr/m/n on input line 4.
LaTeX Font Info:    ... okay on input line 4.
LaTeX Font Info:    Checking defaults for OMX/cmex/m/n on input line 4.
LaTeX Font Info:    ... okay on input line 4.
LaTeX Font Info:    Checking defaults for U/cmr/m/n on input line 4.
LaTeX Font Info:    ... okay on input line 4.
LaTeX Font Info:    Checking defaults for TS1/cmr/m/n on input line 4.
LaTeX Font Info:    ... okay on input line 4.

ABD: EverySelectfont initializing macros
LaTeX Info: Redefining \selectfont on input line 4.

Package fontspec Info: Adjusting the maths setup (use [no-math] to avoid
(fontspec)             this).

\symlegacymaths=\mathgroup4
LaTeX Font Info:    Overwriting symbol font `legacymaths' in version `bold'
(Font)                  OT1/cmr/m/n --> OT1/cmr/bx/n on input line 4.
LaTeX Font Info:    Redeclaring math accent \acute on input line 4.
LaTeX Font Info:    Redeclaring math accent \grave on input line 4.
LaTeX Font Info:    Redeclaring math accent \ddot on input line 4.
LaTeX Font Info:    Redeclaring math accent \tilde on input line 4.
LaTeX Font Info:    Redeclaring math accent \bar on input line 4.
LaTeX Font Info:    Redeclaring math accent \breve on input line 4.
LaTeX Font Info:    Redeclaring math accent \check on input line 4.
LaTeX Font Info:    Redeclaring math accent \hat on input line 4.
LaTeX Font Info:    Redeclaring math accent \dot on input line 4.
LaTeX Font Info:    Redeclaring math accent \mathring on input line 4.
LaTeX Font Info:    Redeclaring math symbol \Gamma on input line 4.
LaTeX Font Info:    Redeclaring math symbol \Delta on input line 4.
LaTeX Font Info:    Redeclaring math symbol \Theta on input line 4.
LaTeX Font Info:    Redeclaring math symbol \Lambda on input line 4.
LaTeX Font Info:    Redeclaring math symbol \Xi on input line 4.
LaTeX Font Info:    Redeclaring math symbol \Pi on input line 4.
LaTeX Font Info:    Redeclaring math symbol \Sigma on input line 4.
LaTeX Font Info:    Redeclaring math symbol \Upsilon on input line 4.
LaTeX Font Info:    Redeclaring math symbol \Phi on input line 4.
LaTeX Font Info:    Redeclaring math symbol \Psi on input line 4.
LaTeX Font Info:    Redeclaring math symbol \Omega on input line 4.
LaTeX Font Info:    Redeclaring math symbol \mathdollar on input line 4.
LaTeX Font Info:    Redeclaring symbol font `operators' on input line 4.
LaTeX Font Info:    Encoding `OT1' has changed to `TU' for symbol font
(Font)              `operators' in the math version `normal' on input line 4.
LaTeX Font Info:    Overwriting symbol font `operators' in version `normal'
(Font)                  OT1/cmr/m/n --> TU/lmr/m/n on input line 4.
LaTeX Font Info:    Encoding `OT1' has changed to `TU' for symbol font
(Font)              `operators' in the math version `bold' on input line 4.
LaTeX Font Info:    Overwriting symbol font `operators' in version `bold'
(Font)                  OT1/cmr/bx/n --> TU/lmr/m/n on input line 4.
LaTeX Font Info:    Overwriting symbol font `operators' in version `normal'
(Font)                  TU/lmr/m/n --> TU/lmr/m/n on input line 4.
LaTeX Font Info:    Overwriting math alphabet `\mathit' in version `normal'
(Font)                  OT1/cmr/m/it --> TU/lmr/m/it on input line 4.
LaTeX Font Info:    Overwriting math alphabet `\mathbf' in version `normal'
(Font)                  OT1/cmr/bx/n --> TU/lmr/bx/n on input line 4.
LaTeX Font Info:    Overwriting math alphabet `\mathsf' in version `normal'
(Font)                  OT1/cmss/m/n --> TU/lmss/m/n on input line 4.
LaTeX Font Info:    Overwriting math alphabet `\mathtt' in version `normal'
(Font)                  OT1/cmtt/m/n --> TU/lmtt/m/n on input line 4.
LaTeX Font Info:    Overwriting symbol font `operators' in version `bold'
(Font)                  TU/lmr/m/n --> TU/lmr/bx/n on input line 4.
LaTeX Font Info:    Overwriting math alphabet `\mathit' in version `bold'
(Font)                  OT1/cmr/bx/it --> TU/lmr/bx/it on input line 4.
LaTeX Font Info:    Overwriting math alphabet `\mathsf' in version `bold'
(Font)                  OT1/cmss/bx/n --> TU/lmss/bx/n on input line 4.
LaTeX Font Info:    Overwriting math alphabet `\mathtt' in version `bold'
(Font)                  OT1/cmtt/m/n --> TU/lmtt/bx/n on input line 4.

*geometry* detected driver: pdftex
*geometry* verbose mode - [ preamble ] result:
* driver: pdftex
* paper: a4paper
* layout: <same size as paper>
* layoutoffset:(h,v)=(0.0pt,0.0pt)
* modes: 
* h-part:(L,W,R)=(42.67912pt, 512.14963pt, 42.67912pt)
* v-part:(T,H,B)=(42.67912pt, 759.6886pt, 42.67912pt)
* \paperwidth=597.50787pt
* \paperheight=845.04684pt
* \textwidth=512.14963pt
* \textheight=759.6886pt
* \oddsidemargin=-29.59087pt
* \evensidemargin=-29.59087pt
* \topmargin=-66.59087pt
* \headheight=12.0pt
* \headsep=25.0pt
* \topskip=12.0pt
* \footskip=30.0pt
* \marginparwidth=35.0pt
* \marginparsep=10.0pt
* \columnsep=10.0pt
* \skip\footins=10.8pt plus 4.0pt minus 2.0pt
* \hoffset=0.0pt
* \voffset=0.0pt
* \mag=1000
* \@twocolumnfalse
* \@twosidefalse
* \@mparswitchfalse
* \@reversemarginfalse
* (1in=72.27pt=25.4mm, 1cm=28.453pt)

File: logo.jpg Graphic file (type bmp)
<logo.jpg>
[1

] (main.toc
LaTeX Font Info:    Font shape `TU/SimSun(0)/m/sl' in size <12> not available
(Font)              Font shape `TU/SimSun(0)/m/it' tried instead on input line 
39.
 [2

] [3])
\tf@toc=\write5
\openout5 = `main.toc'.

 [4] (content.tex
runsystem(pygmentize -S default -f latex -P commandprefix=PYG > main.out.pyg)..
.executed.

 (main.out.pyg)
runsystem(pygmentize -S vs -f latex -P commandprefix=PYGvs > main.out.pyg)...ex
ecuted.

 (main.out.pyg)
runsystem(pygmentize -l cpp -f latex -P commandprefix=PYG -F tokenmerge -P math
escape=True -o main.out.pyg ../code/string/KMP.cpp)...executed.


(main.out.pyg

Package fontspec Info: Could not resolve font "FangSong/BI" (it probably
(fontspec)             doesn't exist).


Package fontspec Info: Could not resolve font "FangSong/B" (it probably
(fontspec)             doesn't exist).


Package fontspec Info: Could not resolve font "FangSong/I" (it probably
(fontspec)             doesn't exist).


Package fontspec Info: Font family 'FangSong(0)' created for font 'FangSong'
(fontspec)             with options [Script={CJK}].
(fontspec)              
(fontspec)              This font family consists of the following NFSS
(fontspec)             series/shapes:
(fontspec)              
(fontspec)             - 'normal' (m/n) with NFSS spec.:
(fontspec)             <->"FangSong/OT:script=hani;language=DFLT;"
(fontspec)             - 'small caps'  (m/sc) with NFSS spec.: 

 [1

])
runsystem(pygmentize -l cpp -f latex -P commandprefix=PYG -F tokenmerge -P math
escape=True -o main.out.pyg ../code/string/KMP_2.cpp)...executed.

 (main.out.pyg [2] [3])
runsystem(pygmentize -l cpp -f latex -P commandprefix=PYG -F tokenmerge -P math
escape=True -o main.out.pyg ../code/string/SA.cpp)...executed.

 (main.out.pyg [4] [5] [6])
runsystem(pygmentize -l cpp -f latex -P commandprefix=PYG -F tokenmerge -P math
escape=True -o main.out.pyg ../code/string/SAM.cpp)...executed.


(main.out.pyg [7])
runsystem(pygmentize -l cpp -f latex -P commandprefix=PYG -F tokenmerge -P math
escape=True -o main.out.pyg ../code/string/Manacher.cpp)...executed.

 (main.out.pyg [8] [9])
runsystem(pygmentize -l cpp -f latex -P commandprefix=PYG -F tokenmerge -P math
escape=True -o main.out.pyg ../code/string/huiwenauto.cpp)...executed.

 (main.out.pyg [10] [11])
runsystem(pygmentize -l cpp -f latex -P commandprefix=PYG -F tokenmerge -P math
escape=True -o main.out.pyg ../code/string/lyndon.cpp)...executed.


(main.out.pyg [12])
runsystem(pygmentize -l cpp -f latex -P commandprefix=PYG -F tokenmerge -P math
escape=True -o main.out.pyg ../code/string/suffixBalancedTree.cpp)...executed.

 (main.out.pyg
Overfull \hbox (13.76994pt too wide) in paragraph at lines 13--13
\TU/lmtt/m/n/12 *next):l(l),r(r),tag((l+r)/2),size(1),ndct(1),exist(1),ch(ch),n
ext(next) 
 []

[13] [14] [15] [16])
runsystem(pygmentize -l cpp -f latex -P commandprefix=PYG -F tokenmerge -P math
escape=True -o main.out.pyg ../code/string/extendedKMP.cpp)...executed.

 (main.out.pyg)
runsystem(pygmentize -l cpp -f latex -P commandprefix=PYG -F tokenmerge -P math
escape=True -o main.out.pyg ../code/string/minimumRepresentation.cpp)...execute
d.

 (main.out.pyg [17])
runsystem(pygmentize -l cpp -f latex -P commandprefix=PYG -F tokenmerge -P math
escape=True -o main.out.pyg ../code/utility/qread_1.cpp)...executed.

 (main.out.pyg)
runsystem(pygmentize -l cpp -f latex -P commandprefix=PYG -F tokenmerge -P math
escape=True -o main.out.pyg ../code/utility/qread_2.cpp)...executed.


(main.out.pyg [18] [19] [20])
runsystem(pygmentize -l cpp -f latex -P commandprefix=PYG -F tokenmerge -P math
escape=True -o main.out.pyg ../code/utility/random_num.cpp)...executed.

 (main.out.pyg)
runsystem(pygmentize -l cpp -f latex -P commandprefix=PYG -F tokenmerge -P math
escape=True -o main.out.pyg ../code/utility/ArrayPointer.cpp)...executed.

 (main.out.pyg [21])
runsystem(pygmentize -l cpp -f latex -P commandprefix=PYG -F tokenmerge -P math
escape=True -o main.out.pyg ../code/utility/SharedPointer.cpp)...executed.

 (main.out.pyg
[22] [23])
runsystem(pygmentize -l cpp -f latex -P commandprefix=PYG -F tokenmerge -P math
escape=True -o main.out.pyg ../code/utility/moAlgOnTree.cpp)...executed.

 (main.out.pyg [24]
Overfull \hbox (26.13005pt too wide) in paragraph at lines 42--42
\TU/lmtt/m/n/12 block[a.l]==block[b.l]?(a.r<b.r)^(block[a.l]&1):block[a.l]<bloc
k[b.l];[]|  
 []

[25])
runsystem(pygmentize -l cpp -f latex -P commandprefix=PYG -F tokenmerge -P math
escape=True -o main.out.pyg ../code/utility/moAlgOnSequence.cpp)...executed.

 (main.out.pyg
Overfull \hbox (26.13005pt too wide) in paragraph at lines 10--10
\TU/lmtt/m/n/12 block[a.l]==block[b.l]?(a.r<b.r)^(block[a.l]&1):block[a.l]<bloc
k[b.l];[]|  
 []

[26])
runsystem(pygmentize -l cpp -f latex -P commandprefix=PYG -F tokenmerge -P math
escape=True -o main.out.pyg ../code/utility/qread_3.cpp)...executed.

 (main.out.pyg [27])
runsystem(pygmentize -l cpp -f latex -P commandprefix=PYG -F tokenmerge -P math
escape=True -o main.out.pyg ../code/math/cipolla_algorithm.cpp)...executed.

 (main.out.pyg [28])
runsystem(pygmentize -l cpp -f latex -P commandprefix=PYG -F tokenmerge -P math
escape=True -o main.out.pyg ../code/math/fft.cpp)...executed.

 (main.out.pyg [29])
runsystem(pygmentize -l cpp -f latex -P commandprefix=PYG -F tokenmerge -P math
escape=True -o main.out.pyg ../code/math/fft_mul.cpp)...executed.

 (main.out.pyg [30] [31] [32])
runsystem(pygmentize -l cpp -f latex -P commandprefix=PYG -F tokenmerge -P math
escape=True -o main.out.pyg ../code/math/linear-basis.cpp)...executed.

 (main.out.pyg [33])
runsystem(pygmentize -l cpp -f latex -P commandprefix=PYG -F tokenmerge -P math
escape=True -o main.out.pyg ../code/math/simpson.cpp)...executed.

 (main.out.pyg [34])
runsystem(pygmentize -l cpp -f latex -P commandprefix=PYG -F tokenmerge -P math
escape=True -o main.out.pyg ../code/math/fraction.cpp)...executed.

 (main.out.pyg [35])
runsystem(pygmentize -l cpp -f latex -P commandprefix=PYG -F tokenmerge -P math
escape=True -o main.out.pyg ../code/math/millerRabinAndPollardRho.cpp)...execut
ed.


(main.out.pyg [36] [37])
runsystem(pygmentize -l cpp -f latex -P commandprefix=PYG -F tokenmerge -P math
escape=True -o main.out.pyg ../code/math/simplex.cpp)...executed.

 (main.out.pyg [38])
runsystem(pygmentize -l cpp -f latex -P commandprefix=PYG -F tokenmerge -P math
escape=True -o main.out.pyg ../code/math/Gauss.cpp)...executed.

 (main.out.pyg [39])
runsystem(pygmentize -l cpp -f latex -P commandprefix=PYG -F tokenmerge -P math
escape=True -o main.out.pyg ../code/math/determinant.cpp)...executed.

 (main.out.pyg
[40])
runsystem(pygmentize -l cpp -f latex -P commandprefix=PYG -F tokenmerge -P math
escape=True -o main.out.pyg ../code/math/FWT.cpp)...executed.

 (main.out.pyg [41])
runsystem(pygmentize -l cpp -f latex -P commandprefix=PYG -F tokenmerge -P math
escape=True -o main.out.pyg ../code/math/discreteLogarithmBSGS.cpp)...executed.

 (main.out.pyg)
runsystem(pygmentize -l cpp -f latex -P commandprefix=PYG -F tokenmerge -P math
escape=True -o main.out.pyg ../code/math/extendedLucas.cpp)...executed.

 (main.out.pyg [42] [43])
runsystem(pygmentize -l cpp -f latex -P commandprefix=PYG -F tokenmerge -P math
escape=True -o main.out.pyg ../code/math/lucas.cpp)...executed.

 (main.out.pyg [44])
runsystem(pygmentize -l cpp -f latex -P commandprefix=PYG -F tokenmerge -P math
escape=True -o main.out.pyg ../code/math/min25.cpp)...executed.

 (main.out.pyg [45])
runsystem(pygmentize -l cpp -f latex -P commandprefix=PYG -F tokenmerge -P math
escape=True -o main.out.pyg ../code/math/polynomial.cpp)...executed.

 (main.out.pyg [46] [47] [48] [49])
runsystem(pygmentize -l cpp -f latex -P commandprefix=PYG -F tokenmerge -P math
escape=True -o main.out.pyg ../code/math/polynomialFreeMod.cpp)...executed.

 (main.out.pyg
[50] [51] [52] [53])
runsystem(pygmentize -l cpp -f latex -P commandprefix=PYG -F tokenmerge -P math
escape=True -o main.out.pyg ../code/graph/Dijkstra.cpp)...executed.

 (main.out.pyg [54] [55])
runsystem(pygmentize -l cpp -f latex -P commandprefix=PYG -F tokenmerge -P math
escape=True -o main.out.pyg ../code/graph/Dinic.cpp)...executed.

 (main.out.pyg [56] [57]
Invalid UTF-8 byte or sequence at line 101 replaced by U+FFFD.
Missing character: There is no  in font [lmmono12-regular]:!
Missing character: There is no  in font [lmmono12-regular]:!
Missing character: There is no  in font [lmmono12-regular]:!
Missing character: There is no  in font [lmmono12-regular]:!
 [58]
Overfull \hbox (7.59004pt too wide) in paragraph at lines 142--142
\TU/lmtt/m/n/12 "<<vertical[i][j]<<"->"<<horizon[ii][jj]<<endl;[]|  
 []

[59])
runsystem(pygmentize -l cpp -f latex -P commandprefix=PYG -F tokenmerge -P math
escape=True -o main.out.pyg ../code/graph/Double_LCA.cpp)...executed.

 (main.out.pyg [60] [61] [62])
runsystem(pygmentize -l cpp -f latex -P commandprefix=PYG -F tokenmerge -P math
escape=True -o main.out.pyg ../code/graph/MCMF.cpp)...executed.

 (main.out.pyg [63] [64] [65])
runsystem(pygmentize -l cpp -f latex -P commandprefix=PYG -F tokenmerge -P math
escape=True -o main.out.pyg ../code/graph/tarjan_LCA.cpp)...executed.

 (main.out.pyg [66] [67])
runsystem(pygmentize -l cpp -f latex -P commandprefix=PYG -F tokenmerge -P math
escape=True -o main.out.pyg ../code/graph/tarjan_scc.cpp)...executed.

 (main.out.pyg [68] [69])
runsystem(pygmentize -l cpp -f latex -P commandprefix=PYG -F tokenmerge -P math
escape=True -o main.out.pyg ../code/graph/.cpp)...executed.

 (main.out.pyg [70] [71])
runsystem(pygmentize -l cpp -f latex -P commandprefix=PYG -F tokenmerge -P math
escape=True -o main.out.pyg ../code/graph/circle_in_directed.cpp)...executed.

 (main.out.pyg
[72])
runsystem(pygmentize -l cpp -f latex -P commandprefix=PYG -F tokenmerge -P math
escape=True -o main.out.pyg ../code/graph/steinerTree.cpp)...executed.

 (main.out.pyg [73] [74])
runsystem(pygmentize -l cpp -f latex -P commandprefix=PYG -F tokenmerge -P math
escape=True -o main.out.pyg ../code/graph/edgeBiconnectedComponent.cpp)...execu
ted.

 (main.out.pyg [75] [76])
runsystem(pygmentize -l cpp -f latex -P commandprefix=PYG -F tokenmerge -P math
escape=True -o main.out.pyg ../code/graph/vertexBiconnectedComponent.cpp)...exe
cuted.

 (main.out.pyg [77])
runsystem(pygmentize -l cpp -f latex -P commandprefix=PYG -F tokenmerge -P math
escape=True -o main.out.pyg ../code/graph/stronglyConnectedComponent.cpp)...exe
cuted.


(main.out.pyg [78])
runsystem(pygmentize -l cpp -f latex -P commandprefix=PYG -F tokenmerge -P math
escape=True -o main.out.pyg ../code/graph/cutEdge.cpp)...executed.

 (main.out.pyg [79])
runsystem(pygmentize -l cpp -f latex -P commandprefix=PYG -F tokenmerge -P math
escape=True -o main.out.pyg ../code/graph/cutVertex.cpp)...executed.

 (main.out.pyg [80])
runsystem(pygmentize -l cpp -f latex -P commandprefix=PYG -F tokenmerge -P math
escape=True -o main.out.pyg ../code/graph/dijkstraBasedPBDS.cpp)...executed.

 (main.out.pyg
[81])
runsystem(pygmentize -l cpp -f latex -P commandprefix=PYG -F tokenmerge -P math
escape=True -o main.out.pyg ../code/graph/hungary.cpp)...executed.

 (main.out.pyg [82])
runsystem(pygmentize -l cpp -f latex -P commandprefix=PYG -F tokenmerge -P math
escape=True -o main.out.pyg ../code/graph/ISAP.cpp)...executed.

 (main.out.pyg [83] [84])
runsystem(pygmentize -l cpp -f latex -P commandprefix=PYG -F tokenmerge -P math
escape=True -o main.out.pyg ../code/graph/kuhnMunkres.cpp)...executed.

 (main.out.pyg [85] [86])
runsystem(pygmentize -l cpp -f latex -P commandprefix=PYG -F tokenmerge -P math
escape=True -o main.out.pyg ../code/graph/kthShortestPathAStar.cpp)...executed.


(main.out.pyg
Overfull \hbox (13.77014pt too wide) in paragraph at lines 7--7
\TU/lmtt/m/n/12 n,m,xx[N],yy[N],zz[N],tot,first[1005],next[N],v[N],w[N],s,e,k,h
[1005],vis[1005];|  
 []

[87])
runsystem(pygmentize -l cpp -f latex -P commandprefix=PYG -F tokenmerge -P math
escape=True -o main.out.pyg ../code/graph/SAP.cpp)...executed.

 (main.out.pyg [88])
runsystem(pygmentize -l cpp -f latex -P commandprefix=PYG -F tokenmerge -P math
escape=True -o main.out.pyg ../code/geometry/minimum_ball_coverage.cpp)...execu
ted.

 (main.out.pyg [89] [90])
runsystem(pygmentize -l cpp -f latex -P commandprefix=PYG -F tokenmerge -P math
escape=True -o main.out.pyg ../code/geometry/computionalgeometry.cpp)...execute
d.

 (main.out.pyg [91] [92]
[93] [94] [95] [96] [97])
runsystem(pygmentize -l cpp -f latex -P commandprefix=PYG -F tokenmerge -P math
escape=True -o main.out.pyg ../code/geometry/diameterOfPoints.cpp)...executed.

 (main.out.pyg)
runsystem(pygmentize -l cpp -f latex -P commandprefix=PYG -F tokenmerge -P math
escape=True -o main.out.pyg ../code/geometry/shortestDistanceOfPoints.cpp)...ex
ecuted.

 (main.out.pyg [98])
runsystem(pygmentize -l cpp -f latex -P commandprefix=PYG -F tokenmerge -P math
escape=True -o main.out.pyg ../code/data_structure/AVL.cpp)...executed.

 (main.out.pyg
[99] [100] [101] [102])
runsystem(pygmentize -l cpp -f latex -P commandprefix=PYG -F tokenmerge -P math
escape=True -o main.out.pyg ../code/data_structure/FT_and_qread.cpp)...executed
.

 (main.out.pyg [103])
runsystem(pygmentize -l cpp -f latex -P commandprefix=PYG -F tokenmerge -P math
escape=True -o main.out.pyg ../code/data_structure/PBDS_priorityqueue.cpp)...ex
ecuted.

 (main.out.pyg)
runsystem(pygmentize -l cpp -f latex -P commandprefix=PYG -F tokenmerge -P math
escape=True -o main.out.pyg ../code/data_structure/PBDS_tree.cpp)...executed.

 (main.out.pyg
[104]
Overfull \hbox (50.8502pt too wide) in paragraph at lines 40--40
[]\TU/lmtt/m/n/12 //cout<<"size="<<bbt.size()<<",smallest"<<bbt.find_by_order(0
)->num<<endl;[]|  
 []

[105])
runsystem(pygmentize -l cpp -f latex -P commandprefix=PYG -F tokenmerge -P math
escape=True -o main.out.pyg ../code/data_structure/PBDS_tree2.cpp)...executed.

 (main.out.pyg [106])
runsystem(pygmentize -l cpp -f latex -P commandprefix=PYG -F tokenmerge -P math
escape=True -o main.out.pyg ../code/data_structure/Trie.cpp)...executed.

 (main.out.pyg [107])
runsystem(pygmentize -l cpp -f latex -P commandprefix=PYG -F tokenmerge -P math
escape=True -o main.out.pyg ../code/data_structure/dominator_tree.cpp)...execut
ed.

 (main.out.pyg [108] [109]
[110])
runsystem(pygmentize -l cpp -f latex -P commandprefix=PYG -F tokenmerge -P math
escape=True -o main.out.pyg ../code/data_structure/linesegtree.cpp)...executed.

 (main.out.pyg
Invalid UTF-8 byte or sequence at line 6 replaced by U+FFFD.
Invalid UTF-8 byte or sequence at line 6 replaced by U+FFFD.
Invalid UTF-8 byte or sequence at line 6 replaced by U+FFFD.
Invalid UTF-8 byte or sequence at line 6 replaced by U+FFFD.
Missing character: There is no  in font [lmmono12-regular]:!
Missing character: There is no  in font [lmmono12-regular]:!
Missing character: There is no  in font [lmmono12-regular]:!
Missing character: There is no  in font [lmmono12-regular]:!
Missing character: There is no  in font [lmmono12-regular]:!
Missing character: There is no  in font [lmmono12-regular]:!
Missing character: There is no  in font [lmmono12-regular]:!
Missing character: There is no  in font [lmmono12-regular]:!
Missing character: There is no  in font [lmmono12-regular]:!
Missing character: There is no  in font [lmmono12-regular]:!
Invalid UTF-8 byte or sequence at line 7 replaced by U+FFFD.
Invalid UTF-8 byte or sequence at line 7 replaced by U+FFFD.
Invalid UTF-8 byte or sequence at line 7 replaced by U+FFFD.
Missing character: There is no  in font [lmmono12-regular]:!
Missing character: There is no  in font [lmmono12-regular]:!
Missing character: There is no  in font [lmmono12-regular]:!
Missing character: There is no  in font [lmmono12-regular]:!
Missing character: There is no  in font [lmmono12-regular]:!
Missing character: There is no  in font [lmmono12-regular]:!
Missing character: There is no  in font [lmmono12-regular]:!
Missing character: There is no  in font [lmmono12-regular]:!
Invalid UTF-8 byte or sequence at line 10 replaced by U+FFFD.
Invalid UTF-8 byte or sequence at line 10 replaced by U+FFFD.
Invalid UTF-8 byte or sequence at line 10 replaced by U+FFFD.
Invalid UTF-8 byte or sequence at line 10 replaced by U+FFFD.
Missing character: There is no  in font [lmmono12-regular]:!
Missing character: There is no  in font [lmmono12-regular]:!
Missing character: There is no  in font [lmmono12-regular]:!
Missing character: There is no  in font [lmmono12-regular]:!
Missing character: There is no  in font [lmmono12-regular]:!
Missing character: There is no  in font [lmmono12-regular]:!
Missing character: There is no  in font [lmmono12-regular]:!
Missing character: There is no  in font [lmmono12-regular]:!
Missing character: There is no  in font [lmmono12-regular]:!
Missing character: There is no  in font [lmmono12-regular]:!
Missing character: There is no  in font [lmmono12-regular]:!
Missing character: There is no  in font [lmmono12-regular]:!
Invalid UTF-8 byte or sequence at line 11 replaced by U+FFFD.
Invalid UTF-8 byte or sequence at line 11 replaced by U+FFFD.
Invalid UTF-8 byte or sequence at line 11 replaced by U+FFFD.
Invalid UTF-8 byte or sequence at line 11 replaced by U+FFFD.
Invalid UTF-8 byte or sequence at line 11 replaced by U+FFFD.
Invalid UTF-8 byte or sequence at line 11 replaced by U+FFFD.
Missing character: There is no  in font [lmmono12-regular]:!
Missing character: There is no  in font [lmmono12-regular]:!
Missing character: There is no  in font [lmmono12-regular]:!
Missing character: There is no  in font [lmmono12-regular]:!
Missing character: There is no  in font [lmmono12-regular]:!
Missing character: There is no  in font [lmmono12-regular]:!
Missing character: There is no  in font [lmmono12-regular]:!
Missing character: There is no  in font [lmmono12-regular]:!
Missing character: There is no  in font [lmmono12-regular]:!
Missing character: There is no  in font [lmmono12-regular]:!
Missing character: There is no  in font [lmmono12-regular]:!
Missing character: There is no  in font [lmmono12-regular]:!
Missing character: There is no  in font [lmmono12-regular]:!
Missing character: There is no  in font [lmmono12-regular]:!
Invalid UTF-8 byte or sequence at line 21 replaced by U+FFFD.
Invalid UTF-8 byte or sequence at line 21 replaced by U+FFFD.
Invalid UTF-8 byte or sequence at line 21 replaced by U+FFFD.
Invalid UTF-8 byte or sequence at line 21 replaced by U+FFFD.
Invalid UTF-8 byte or sequence at line 21 replaced by U+FFFD.
Missing character: There is no  in font [lmmono12-regular]:!
Missing character: There is no  in font [lmmono12-regular]:!
Missing character: There is no  in font [lmmono12-regular]:!
Missing character: There is no  in font [lmmono12-regular]:!
Missing character: There is no  in font [lmmono12-regular]:!
Missing character: There is no  in font [lmmono12-regular]:!
Missing character: There is no  in font [lmmono12-regular]:!
Missing character: There is no  in font [lmmono12-regular]:!
Missing character: There is no  in font [lmmono12-regular]:!
Missing character: There is no  in font [lmmono12-regular]:!
Missing character: There is no  in font [lmmono12-regular]:!
Missing character: There is no  in font [lmmono12-regular]:!
Missing character: There is no  in font [lmmono12-regular]:!
Missing character: There is no  in font [lmmono12-regular]:!
Missing character: There is no  in font [lmmono12-regular]:!
Missing character: There is no  in font [lmmono12-regular]:!
Missing character: There is no  in font [lmmono12-regular]:!
Missing character: There is no  in font [lmmono12-regular]:!
Invalid UTF-8 byte or sequence at line 23 replaced by U+FFFD.
Missing character: There is no  in font [lmmono12-regular]:!
Missing character: There is no  in font [lmmono12-regular]:!
Missing character: There is no  in font [lmmono12-regular]:!
Missing character: There is no  in font [lmmono12-regular]:!
Invalid UTF-8 byte or sequence at line 26 replaced by U+FFFD.
Invalid UTF-8 byte or sequence at line 26 replaced by U+FFFD.
Invalid UTF-8 byte or sequence at line 26 replaced by U+FFFD.
Invalid UTF-8 byte or sequence at line 26 replaced by U+FFFD.
Invalid UTF-8 byte or sequence at line 26 replaced by U+FFFD.
Invalid UTF-8 byte or sequence at line 26 replaced by U+FFFD.
Invalid UTF-8 byte or sequence at line 26 replaced by U+FFFD.
Invalid UTF-8 byte or sequence at line 26 replaced by U+FFFD.
Missing character: There is no  in font [lmmono12-regular]:!
Missing character: There is no  in font [lmmono12-regular]:!
Missing character: There is no  in font [lmmono12-regular]:!
Missing character: There is no  in font [lmmono12-regular]:!
Missing character: There is no  in font [lmmono12-regular]:!
Missing character: There is no  in font [lmmono12-regular]:!
Missing character: There is no  in font [lmmono12-regular]:!
Missing character: There is no  in font [lmmono12-regular]:!
Missing character: There is no  in font [lmmono12-regular]:!
Missing character: There is no  in font [lmmono12-regular]:!
Missing character: There is no  in font [lmmono12-regular]:!
Missing character: There is no  in font [lmmono12-regular]:!
Missing character: There is no  in font [lmmono12-regular]:!
Missing character: There is no  in font [lmmono12-regular]:!
Missing character: There is no  in font [lmmono12-regular]:!
Missing character: There is no  in font [lmmono12-regular]:!
Missing character: There is no  in font [lmmono12-regular]:!
Missing character: There is no  in font [lmmono12-regular]:!
Missing character: There is no  in font [lmmono12-regular]:!
Missing character: There is no  in font [lmmono12-regular]:!
 [111]
Invalid UTF-8 byte or sequence at line 32 replaced by U+FFFD.
Invalid UTF-8 byte or sequence at line 32 replaced by U+FFFD.
Invalid UTF-8 byte or sequence at line 32 replaced by U+FFFD.
Invalid UTF-8 byte or sequence at line 32 replaced by U+FFFD.
Invalid UTF-8 byte or sequence at line 32 replaced by U+FFFD.
Missing character: There is no  in font [lmmono12-regular]:!
Missing character: There is no  in font [lmmono12-regular]:!
Missing character: There is no  in font [lmmono12-regular]:!
Missing character: There is no  in font [lmmono12-regular]:!
Missing character: There is no  in font [lmmono12-regular]:!
Missing character: There is no  in font [lmmono12-regular]:!
Missing character: There is no  in font [lmmono12-regular]:!
Missing character: There is no  in font [lmmono12-regular]:!
Missing character: There is no  in font [lmmono12-regular]:!
Missing character: There is no  in font [lmmono12-regular]:!
Missing character: There is no  in font [lmmono12-regular]:!
Missing character: There is no  in font [lmmono12-regular]:!
Missing character: There is no  in font [lmmono12-regular]:!
Missing character: There is no  in font [lmmono12-regular]:!
)
runsystem(pygmentize -l cpp -f latex -P commandprefix=PYG -F tokenmerge -P math
escape=True -o main.out.pyg ../code/data_structure/persistent_seg.cpp)...execut
ed.

 (main.out.pyg [112] [113])
runsystem(pygmentize -l cpp -f latex -P commandprefix=PYG -F tokenmerge -P math
escape=True -o main.out.pyg ../code/data_structure/segmenttree_flag.cpp)...exec
uted.

 (main.out.pyg [114]
[115] [116])
runsystem(pygmentize -l cpp -f latex -P commandprefix=PYG -F tokenmerge -P math
escape=True -o main.out.pyg ../code/data_structure/splay_pool_data.cpp)...execu
ted.

 (main.out.pyg [117] [118] [119] [120])
runsystem(pygmentize -l cpp -f latex -P commandprefix=PYG -F tokenmerge -P math
escape=True -o main.out.pyg ../code/data_structure/splay_seq.cpp)...executed.

 (main.out.pyg [121]
Overfull \hbox (279.51021pt too wide) in paragraph at lines 44--44
\TU/lmtt/m/n/12 node->isum=Node::getsum(node->ch[0])+Node::getsum(node->ch[1])+
Node::getval(node->ch[0])+Node::getval(node->ch[1]);|  
 []

[122] [123] [124] [125] [126] [127])
runsystem(pygmentize -l cpp -f latex -P commandprefix=PYG -F tokenmerge -P math
escape=True -o main.out.pyg ../code/data_structure/splay_simple.cpp)...executed
.

 (main.out.pyg [128] [129] [130])
runsystem(pygmentize -l cpp -f latex -P commandprefix=PYG -F tokenmerge -P math
escape=True -o main.out.pyg ../code/data_structure/splay_ununique.cpp)...execut
ed.


(main.out.pyg [131]
Overfull \hbox (279.51021pt too wide) in paragraph at lines 46--46
\TU/lmtt/m/n/12 node->isum=Node::getsum(node->ch[0])+Node::getsum(node->ch[1])+
Node::getval(node->ch[0])+Node::getval(node->ch[1]);|  
 []

[132] [133] [134] [135] [136] [137] [138])
runsystem(pygmentize -l cpp -f latex -P commandprefix=PYG -F tokenmerge -P math
escape=True -o main.out.pyg ../code/data_structure/splaytest.cpp)...executed.

 (main.out.pyg [139]
Overfull \hbox (279.51021pt too wide) in paragraph at lines 38--38
\TU/lmtt/m/n/12 node->isum=Node::getsum(node->ch[0])+Node::getsum(node->ch[1])+
Node::getval(node->ch[0])+Node::getval(node->ch[1]);|  
 []

[140] [141] [142] [143] [144])
runsystem(pygmentize -l cpp -f latex -P commandprefix=PYG -F tokenmerge -P math
escape=True -o main.out.pyg ../code/data_structure/treap.cpp)...executed.

 (main.out.pyg [145] [146] [147] [148])
runsystem(pygmentize -l cpp -f latex -P commandprefix=PYG -F tokenmerge -P math
escape=True -o main.out.pyg ../code/data_structure/ST_table.cpp)...executed.


(main.out.pyg [149] [150])
runsystem(pygmentize -l cpp -f latex -P commandprefix=PYG -F tokenmerge -P math
escape=True -o main.out.pyg ../code/data_structure/odt_tree.cpp)...executed.

 (main.out.pyg [151])
runsystem(pygmentize -l cpp -f latex -P commandprefix=PYG -F tokenmerge -P math
escape=True -o main.out.pyg ../code/data_structure/divide_combine_tree.cpp)...e
xecuted.

 (main.out.pyg [152] [153]
[154] [155] [156] [157])
runsystem(pygmentize -l cpp -f latex -P commandprefix=PYG -F tokenmerge -P math
escape=True -o main.out.pyg ../code/data_structure/AhoCorasickAutomation.cpp)..
.executed.

 (main.out.pyg [158])
runsystem(pygmentize -l cpp -f latex -P commandprefix=PYG -F tokenmerge -P math
escape=True -o main.out.pyg ../code/data_structure/simpleBitset.cpp)...executed
.

 (main.out.pyg [159])
runsystem(pygmentize -l cpp -f latex -P commandprefix=PYG -F tokenmerge -P math
escape=True -o main.out.pyg ../code/data_structure/blockDividedTree.cpp)...exec
uted.


(main.out.pyg [160])
runsystem(pygmentize -l cpp -f latex -P commandprefix=PYG -F tokenmerge -P math
escape=True -o main.out.pyg ../code/data_structure/dynamicChainBasedDC.cpp)...e
xecuted.

 (main.out.pyg [161])
runsystem(pygmentize -l cpp -f latex -P commandprefix=PYG -F tokenmerge -P math
escape=True -o main.out.pyg ../code/data_structure/FHQTreap2.cpp)...executed.

 (main.out.pyg [162] [163] [164])
runsystem(pygmentize -l cpp -f latex -P commandprefix=PYG -F tokenmerge -P math
escape=True -o main.out.pyg ../code/data_structure/FHQTreap1.cpp)...executed.


(main.out.pyg [165] [166]
Overfull \hbox (81.75014pt too wide) in paragraph at lines 68--68
\TU/lmtt/m/n/12 (node->val>=v)?getrank(node->ch[0],v):Node::size(node->ch[0])+1
+getrank(node->ch[1],v);|  
 []

[167])
runsystem(pygmentize -l cpp -f latex -P commandprefix=PYG -F tokenmerge -P math
escape=True -o main.out.pyg ../code/data_structure/KDTree.cpp)...executed.

 (main.out.pyg [168]
Overfull \hbox (26.13017pt too wide) in paragraph at lines 36--36
| | | |[][][][]\TU/lmtt/m/n/12 min.d[i]=std::min(p.d[i],std::min(son[0]->min.d[
i],son[1]->min.d[i]));|  
 []


Overfull \hbox (26.13017pt too wide) in paragraph at lines 37--37
| | | |[][][][]\TU/lmtt/m/n/12 max.d[i]=std::max(p.d[i],std::max(son[0]->max.d[
i],son[1]->max.d[i]));|  
 []

[169])
runsystem(pygmentize -l cpp -f latex -P commandprefix=PYG -F tokenmerge -P math
escape=True -o main.out.pyg ../code/data_structure/leftist.cpp)...executed.

 (main.out.pyg [170] [171])
runsystem(pygmentize -l cpp -f latex -P commandprefix=PYG -F tokenmerge -P math
escape=True -o main.out.pyg ../code/data_structure/linkCutTree.cpp)...executed.

 (main.out.pyg [172] [173] [174])
runsystem(pygmentize -l cpp -f latex -P commandprefix=PYG -F tokenmerge -P math
escape=True -o main.out.pyg ../code/data_structure/scapeGoat.cpp)...executed.


(main.out.pyg [175] [176] [177])
runsystem(pygmentize -l cpp -f latex -P commandprefix=PYG -F tokenmerge -P math
escape=True -o main.out.pyg ../code/data_structure/staticEdgeBasedDC.cpp)...exe
cuted.

 (main.out.pyg [178] [179]
Overfull \hbox (13.77014pt too wide) in paragraph at lines 54--54
| | | |[][][][][][][]\TU/lmtt/m/n/12 std::pair<[]int[],Edge*>(std::max(size[u],
tol-size[u]),e)));|  
 []

)
runsystem(pygmentize -l cpp -f latex -P commandprefix=PYG -F tokenmerge -P math
escape=True -o main.out.pyg ../code/data_structure/staticVertexBasedDC.cpp)...e
xecuted.

 (main.out.pyg [180])
runsystem(pygmentize -l cpp -f latex -P commandprefix=PYG -F tokenmerge -P math
escape=True -o main.out.pyg ../code/data_structure/VirtualTree.cpp)...executed.

 (main.out.pyg [181] [182])
runsystem(pygmentize -l cpp -f latex -P commandprefix=PYG -F tokenmerge -P math
escape=True -o main.out.pyg ../code/data_structure/liChaoSegTree.cpp)...execute
d.

 (main.out.pyg [183]))
[184] (main.aux)
runsystem(del main.out.pyg)...executed.

 ) 
Here is how much of TeX's memory you used:
 22325 strings out of 427669
 485612 string characters out of 3149215
 601602 words of memory out of 3000000
 25961 multiletter control sequences out of 15000+200000
 536337 words of font info for 70 fonts, out of 3000000 for 9000
 1348 hyphenation exceptions out of 8191
 54i,9n,68p,923b,510s stack positions out of 5000i,500n,10000p,200000b,50000s

Output written on main.pdf (188 pages).
